2022-06-30 09:57:15.393  INFO 10380 --- [main] c.v.mscartoes.MsCartoesApplicationTests  : Starting MsCartoesApplicationTests using Java 11.0.9 on DESKTOP-NKE9617 with PID 10380 (started by vastag in C:\eclipse2022wrkspc\springboot-rabbitmq-keycloak\springboot-rabbitmq-keycloak\msCartoes)
2022-06-30 09:57:15.577  INFO 10380 --- [main] c.v.mscartoes.MsCartoesApplicationTests  : No active profile set, falling back to 1 default profile: "default"
2022-06-30 09:57:20.784  INFO 10380 --- [main] .s.d.r.c.RepositoryConfigurationDelegate : Bootstrapping Spring Data JPA repositories in DEFAULT mode.
2022-06-30 09:57:21.383  INFO 10380 --- [main] .s.d.r.c.RepositoryConfigurationDelegate : Finished Spring Data repository scanning in 579 ms. Found 2 JPA repository interfaces.
2022-06-30 09:57:22.216  INFO 10380 --- [main] o.s.cloud.context.scope.GenericScope     : BeanFactory id=0045f179-b1ca-371f-86df-5e9c4e9fc37e
2022-06-30 09:57:24.966  INFO 10380 --- [main] com.zaxxer.hikari.HikariDataSource       : HikariPool-1 - Starting...
2022-06-30 09:57:25.785  INFO 10380 --- [main] com.zaxxer.hikari.HikariDataSource       : HikariPool-1 - Start completed.
2022-06-30 09:57:25.914  INFO 10380 --- [main] o.hibernate.jpa.internal.util.LogHelper  : HHH000204: Processing PersistenceUnitInfo [name: default]
2022-06-30 09:57:26.060  INFO 10380 --- [main] org.hibernate.Version                    : HHH000412: Hibernate ORM core version 5.6.9.Final
2022-06-30 09:57:26.487  INFO 10380 --- [main] o.hibernate.annotations.common.Version   : HCANN000001: Hibernate Commons Annotations {5.1.2.Final}
2022-06-30 09:57:26.923  INFO 10380 --- [main] org.hibernate.dialect.Dialect            : HHH000400: Using dialect: org.hibernate.dialect.H2Dialect
2022-06-30 09:57:28.501  INFO 10380 --- [main] o.h.e.t.j.p.i.JtaPlatformInitiator       : HHH000490: Using JtaPlatform implementation: [org.hibernate.engine.transaction.jta.platform.internal.NoJtaPlatform]
2022-06-30 09:57:28.517  INFO 10380 --- [main] j.LocalContainerEntityManagerFactoryBean : Initialized JPA EntityManagerFactory for persistence unit 'default'
2022-06-30 09:57:30.712  WARN 10380 --- [main] JpaBaseConfiguration$JpaWebConfiguration : spring.jpa.open-in-view is enabled by default. Therefore, database queries may be performed during view rendering. Explicitly configure spring.jpa.open-in-view to disable this warning
2022-06-30 09:57:38.737  INFO 10380 --- [main] DiscoveryClientOptionalArgsConfiguration : Eureka HTTP Client uses RestTemplate.
2022-06-30 09:57:39.072  WARN 10380 --- [main] iguration$LoadBalancerCaffeineWarnLogger : Spring Cloud LoadBalancer is currently working with the default cache. While this cache implementation is useful for development and tests, it's recommended to use Caffeine cache in production.You can switch to using Caffeine cache, by adding it and org.springframework.cache.caffeine.CaffeineCacheManager to the classpath.
2022-06-30 09:57:39.097  INFO 10380 --- [main] o.s.b.a.e.web.EndpointLinksResolver      : Exposing 17 endpoint(s) beneath base path '/actuator'
2022-06-30 09:57:39.324  INFO 10380 --- [main] o.s.a.r.c.CachingConnectionFactory       : Attempting to connect to: [localhost:5672]
2022-06-30 09:57:44.034  INFO 10380 --- [main] o.s.a.r.l.SimpleMessageListenerContainer : Broker not available; cannot force queue declarations during start: java.net.ConnectException: Connection refused: connect
2022-06-30 09:57:44.051  INFO 10380 --- [org.springframework.amqp.rabbit.RabbitListenerEndpointContainer#0-1] o.s.a.r.c.CachingConnectionFactory       : Attempting to connect to: [localhost:5672]
2022-06-30 09:57:48.147  INFO 10380 --- [main] c.v.mscartoes.MsCartoesApplicationTests  : Started MsCartoesApplicationTests in 35.968 seconds (JVM running for 40.112)
2022-06-30 09:57:48.461  INFO 10380 --- [SpringApplicationShutdownHook] o.s.c.n.eureka.InstanceInfoFactory       : Setting initial instance status as: STARTING
2022-06-30 09:57:48.465  INFO 10380 --- [SpringApplicationShutdownHook] o.s.c.n.e.s.EurekaServiceRegistry        : Unregistering application MSCARTOES with eureka with status DOWN
2022-06-30 09:57:48.472  INFO 10380 --- [org.springframework.amqp.rabbit.RabbitListenerEndpointContainer#0-2] o.s.a.r.l.SimpleMessageListenerContainer : Waiting for workers to finish.
2022-06-30 09:57:48.472  INFO 10380 --- [org.springframework.amqp.rabbit.RabbitListenerEndpointContainer#0-2] o.s.a.r.l.SimpleMessageListenerContainer : Successfully waited for workers to finish.
2022-06-30 09:57:48.488  INFO 10380 --- [SpringApplicationShutdownHook] o.s.a.r.l.SimpleMessageListenerContainer : Shutdown ignored - container is already stopped
2022-06-30 09:57:48.491  INFO 10380 --- [SpringApplicationShutdownHook] j.LocalContainerEntityManagerFactoryBean : Closing JPA EntityManagerFactory for persistence unit 'default'
2022-06-30 09:57:48.491  INFO 10380 --- [SpringApplicationShutdownHook] .SchemaDropperImpl$DelayedDropActionImpl : HHH000477: Starting delayed evictData of schema as part of SessionFactory shut-down'
2022-06-30 09:57:48.503  INFO 10380 --- [SpringApplicationShutdownHook] com.zaxxer.hikari.HikariDataSource       : HikariPool-1 - Shutdown initiated...
2022-06-30 09:57:48.509  INFO 10380 --- [SpringApplicationShutdownHook] com.zaxxer.hikari.HikariDataSource       : HikariPool-1 - Shutdown completed.
